<?xml version="1.0" encoding="utf-8"?><testsuites name="pytest tests"><testsuite name="pytest" errors="0" failures="0" skipped="11" tests="1980" time="51.447" timestamp="2026-09-15T13:23:58.478505+08:00" hostname="Ludkos-MacBook-Air.local"><testcase classname="tests.test_ai_copilot" name="test_design_intent_creation" time="0.000" /><testcase classname="tests.test_ai_copilot" name="test_design_intent_from_natural_language" time="0.000" /><testcase classname="tests.test_ai_copilot" name="test_design_intent_jpa_device" time="0.000" /><testcase classname="tests.test_ai_copilot" name="test_design_intent_resonator_device" time="0.000" /><testcase classname="tests.test_ai_copilot" name="test_design_intent_squid_device" time="0.000" /><testcase classname="tests.test_ai_copilot" name="test_design_intent_unknown_device" time="0.000" /><testcase classname="tests.test_ai_copilot" name="test_design_intent_coupling_parameter" time="0.000" /><testcase classname="tests.test_ai_copilot" name="test_design_intent_to_dict" time="0.000" /><testcase classname="tests.test_ai_copilot" name="test_copilot_creation" time="0.000" /><testcase classname="tests.test_ai_copilot" name="test_copilot_register_solver" time="0.000" /><testcase classname="tests.test_ai_copilot" name="test_copilot_execute_no_parsers" time="0.000" /><testcase classname="tests.test_backend_orchestration" name="test_backend_registry_exposes_professional_stack" time="0.002" /><testcase classname="tests.test_backend_orchestration" name="test_value_records_reject_llm_guess" time="0.000" /><testcase classname="tests.test_backend_orchestration" name="test_kqcircuits_backend_never_writes_empty_gds" time="0.001" /><testcase classname="tests.test_backend_orchestration" name="test_gdsfactory_refuses_superconducting_device_library" time="0.000" /><testcase classname="tests.test_backend_orchestration" name="test_supercad_forced_kqcircuits_fails_without_placeholder_gds" time="0.001" /><testcase classname="tests.test_candidate_loop.TestScoringContract" name="test_failed_candidate_scores_zero" time="0.000" /><testcase classname="tests.test_candidate_loop.TestScoringContract" name="test_unsupported_candidate_scores_zero" time="0.000" /><testcase classname="tests.test_candidate_loop.TestScoringContract" name="test_ok_candidate_starts_at_50" time="0.000" /><testcase classname="tests.test_candidate_loop.TestScoringContract" name="test_drc_pass_increases_score" time="0.000" /><testcase classname="tests.test_candidate_loop.TestScoringContract" name="test_solver_execution_increases_score" time="0.000" /><testcase classname="tests.test_candidate_loop.TestScoringContract" name="test_score_bounded_0_100" time="0.000" /><testcase classname="tests.test_candidate_loop.TestCandidateLoopIntegration" name="test_single_failed_candidate_is_stored" time="0.001" /><testcase classname="tests.test_candidate_loop.TestCandidateLoopIntegration" name="test_all_failed_candidates_are_stored" time="0.001" /><testcase classname="tests.test_candidate_loop.TestCandidateLoopIntegration" name="test_loop_result_json_written" time="0.001" /><testcase classname="tests.test_candidate_loop.TestCandidateLoopIntegration" name="test_empty_specs_returns_valid_result" time="0.000" /><testcase classname="tests.test_candidate_loop.TestCandidateLoopIntegration" name="test_loop_elapsed_time_is_positive" time="0.001" /><testcase classname="tests.test_candidate_loop" name="test_candidate_loop_with_real_technology" time="0.003" /><testcase classname="tests.test_closed_loop" name="test_process_database_correction_and_ic_yield" time="0.000" /><testcase classname="tests.test_closed_loop" name="test_analytical_models_and_report" time="0.085" /><testcase classname="tests.test_closed_loop" name="test_process_uncertainty_outputs" time="0.212" /><testcase classname="tests.test_closed_loop" name="test_cryostat_noise_budget" time="0.000" /><testcase classname="tests.test_closed_loop" name="test_epr_field_metrics_and_real_script_shape" time="0.001" /><testcase classname="tests.test_closed_loop" name="test_hfss_sonnet_and_measurement_recipes" time="0.097" /><testcase classname="tests.test_closed_loop" name="test_experiment_feedback_and_paper_suite" time="0.072" /><testcase classname="tests.test_cpw_boolean_gap" name="test_cpw_gap_is_boolean_subtracted" time="0.031" /><testcase classname="tests.test_cpw_boolean_gap" name="test_signal_does_not_overlap_ground" time="0.001" /><testcase classname="tests.test_cpw_boolean_gap" name="test_cpw_resonator_gap_continuous" time="0.011" /><testcase classname="tests.test_cpw_boolean_gap" name="test_ground_plane_exists" time="0.000" /><testcase classname="tests.test_cpw_matches_reference" name="test_cpw_reports_analytic_reference_and_missing_em" time="0.013" /><testcase classname="tests.test_cpw_matches_reference" name="test_cpw_does_not_claim_em_agreement_without_em_result" time="0.000" /><testcase classname="tests.test_device_views" name="test_transmon_four_views_exist" time="0.207" /><testcase classname="tests.test_device_views" name="test_jpa_four_views_exist" time="0.235" /><testcase classname="tests.test_device_views" name="test_jpa_report_is_single_frequency_6ghz" time="0.000" /><testcase classname="tests.test_eda_framework_architecture" name="test_pdk_package_exposes_materials_layers_rules_and_technology" time="0.000" /><testcase classname="tests.test_eda_framework_architecture" name="test_component_base_classes_and_device_methods" time="0.005" /><testcase classname="tests.test_eda_framework_architecture" name="test_routing_engine_supports_snapping_length_and_collision_check" time="0.000" /><testcase classname="tests.test_eda_framework_architecture" name="test_synthesis_outputs_physical_parameters" time="0.000" /><testcase classname="tests.test_eda_framework_architecture" name="test_simulation_backend_lifecycle_prepares_without_fake_execution" time="0.001" /><testcase classname="tests.test_eda_framework_architecture" name="test_closed_loop_reports_skipped_without_solver_callback" time="0.000" /><testcase classname="tests.test_eda_framework_architecture" name="test_reference_comparison_uses_available_open_source" time="0.037" /><testcase classname="tests.test_em_solvers" name="test_list_em_solvers_reports_all_backends" time="0.001" /><testcase classname="tests.test_em_solvers" name="test_routing_is_open_source_first" time="0.001" /><testcase classname="tests.test_em_solvers" name="test_routing_is_open_source_only" time="0.000" /><testcase classname="tests.test_fitting" name="test_fit_resonator_recovers_f0_and_quality_factors" time="0.002" /><testcase classname="tests.test_fitting" name="test_fit_jpa_gain_recovers_peak_and_bandwidth" time="0.000" /><testcase classname="tests.test_fitting" name="test_write_measurement_fit_from_csv_and_record" time="0.046" /><testcase classname="tests.test_fourth_wave" name="test_device_database_record_and_query" time="0.003" /><testcase classname="tests.test_fourth_wave" name="test_device_database_gds_hash" time="0.002" /><testcase classname="tests.test_fourth_wave" name="test_device_database_export_training_pairs" time="0.003" /><testcase classname="tests.test_fourth_wave" name="test_bode_fano_feasible" time="0.000" /><testcase classname="tests.test_fourth_wave" name="test_bode_fano_violation" time="0.000" /><testcase classname="tests.test_fourth_wave" name="test_manley_rowe_within_limit" time="0.000" /><testcase classname="tests.test_fourth_wave" name="test_manley_rowe_exceeds_limit" time="0.000" /><testcase classname="tests.test_fourth_wave" name="test_quantum_noise_at_5ghz" time="0.000" /><testcase classname="tests.test_fourth_wave" name="test_kerr_limit_within" time="0.000" /><testcase classname="tests.test_fourth_wave" name="test_kerr_limit_exceeded" time="0.000" /><testcase classname="tests.test_fourth_wave" name="test_bifurcation_below_threshold" time="0.000" /><testcase classname="tests.test_fourth_wave" name="test_flux_quantisation_within_range" time="0.000" /><testcase classname="tests.test_fourth_wave" name="test_kinetic_inductance_fraction_safe" time="0.000" /><testcase classname="tests.test_fourth_wave" name="test_kinetic_inductance_fraction_dominant" time="0.000" /><testcase classname="tests.test_fourth_wave" name="test_check_all_constraints_aggregate" time="0.000" /><testcase classname="tests.test_fourth_wave" name="test_tokenizer_sidecar" time="0.001" /><testcase classname="tests.test_fourth_wave" name="test_tokenizer_vocab" time="0.000" /><testcase classname="tests.test_fourth_wave" name="test_tokenizer_quantisation" time="0.000" /><testcase classname="tests.test_fourth_wave" name="test_layout_transformer_numpy" time="0.013" /><testcase classname="tests.test_fourth_wave" name="test_decode_performance" time="0.000" /><testcase classname="tests.test_fourth_wave" name="test_device_predictor_from_sidecar" time="0.051" /><testcase classname="tests.test_fourth_wave" name="test_quality_scorer_basic" time="0.000" /><testcase classname="tests.test_fourth_wave" name="test_quality_scorer_drc_violations" time="0.000" /><testcase classname="tests.test_fourth_wave" name="test_quality_scorer_rank" time="0.000" /><testcase classname="tests.test_improvements" name="test_all_157_improvements_are_registered_and_resolvable" time="0.001" /><testcase classname="tests.test_improvements" name="test_extraction_spice_and_real_topology_lvs" time="0.000" /><testcase classname="tests.test_improvements" name="test_polygon_gds_extraction_finds_junction" time="0.001" /><testcase classname="tests.test_improvements" name="test_fabrication_history_and_position_prediction" time="0.016" /><testcase classname="tests.test_improvements" name="test_physics_and_em_extensions" time="0.034" /><testcase classname="tests.test_improvements" name="test_quantum_measurement_and_searchable_records" time="0.003" /><testcase classname="tests.test_jj_boolean_overlap" name="test_jj_area_from_boolean" time="0.004" /><testcase classname="tests.test_jj_boolean_overlap" name="test_marker_not_counted_as_area" time="0.003" /><testcase classname="tests.test_jj_boolean_overlap" name="test_jj_area_provenance" time="0.000" /><testcase classname="tests.test_jj_stack_matches_reference" name="test_jj_stack_reference_requires_nb_trilayer_features" time="0.000" /><testcase classname="tests.test_jj_stack_matches_reference" name="test_no_numeric_reference_value_lacks_citation" time="0.001" /><testcase classname="tests.test_jpa_matches_literature" name="test_jpa_matches_golden_topology_without_fake_solver_data" time="0.003" /><testcase classname="tests.test_jpa_matches_literature" name="test_jpa_missing_current_path_is_reported_not_filled" time="0.000" /><testcase classname="tests.test_jpa_topology" name="test_jpa_squid_array_is_real" time="0.009" /><testcase classname="tests.test_jpa_topology" name="test_jpa_has_via_stack_to_ground" time="0.013" /><testcase classname="tests.test_jpa_topology" name="test_jpa_lc_node_connects_to_ground_through_squid" time="0.009" /><testcase classname="tests.test_jpa_topology" name="test_jpa_no_floating_metal" time="0.008" /><testcase classname="tests.test_jpa_topology" name="test_jpa_declared_netlist_has_expected_nets" time="0.001" /><testcase classname="tests.test_jpa_topology" name="test_jpa_rejects_impossible_gain_bandwidth" time="0.000" /><testcase classname="tests.test_layout_backend" name="test_technology_selection" time="0.000" /><testcase classname="tests.test_layout_backend" name="test_gdsfactory_selector" time="0.000" /><testcase classname="tests.test_layout_backend" name="test_kqcircuits_selector" time="0.000" /><testcase classname="tests.test_layout_backend" name="test_technology_factory_unknown_backend" time="0.000" /><testcase classname="tests.test_layout_backend" name="test_technology_factory_creates_correct_backends" time="0.000" /><testcase classname="tests.test_layout_backend" name="test_kqcircuits_wrapper_availability" time="0.001" /><testcase classname="tests.test_layout_quality_modes" name="test_fabrication_real_default_rejects_quarantined_demo_pcell" time="0.001" /><testcase classname="tests.test_layout_quality_modes" name="test_demo_mode_is_explicit_opt_in_for_toy_pcell" time="0.013" /><testcase classname="tests.test_layout_quality_modes" name="test_reference_import_mode_never_generates_pcell" time="0.001" /><testcase classname="tests.test_layout_quality_modes" name="test_design_intent_path_must_be_ready" time="0.001" /><testcase classname="tests.test_layout_quality_modes" name="test_fabrication_real_classification_is_centralized" time="0.000" /><testcase classname="tests.test_layout_quality_modes" name="test_process_layer_map_has_fabrication_roles" time="0.000" /><testcase classname="tests.test_layout_quality_modes" name="test_required_command_wrappers_exist" time="0.000" /><testcase classname="tests.test_layout_validator.TestGDSBasic" name="test_jj_gds_exists" time="0.009" /><testcase classname="tests.test_layout_validator.TestGDSBasic" name="test_cpw_gds_exists" time="0.013" /><testcase classname="tests.test_layout_validator.TestGDSBasic" name="test_via_gds_exists" time="0.046" /><testcase classname="tests.test_layout_validator.TestGDSBasic" name="test_gds_not_empty" time="0.000" /><testcase classname="tests.test_layout_validator.TestGDSBasic" name="test_sidecar_exists" time="0.000" /><testcase classname="tests.test_layout_validator.TestJJGeometry" name="test_jj_has_barrier_layer" time="0.002" /><testcase classname="tests.test_layout_validator.TestJJGeometry" name="test_jj_area_from_polygons" time="0.001" /><testcase classname="tests.test_layout_validator.TestJJGeometry" name="test_jj_electrodes_overlap_barrier" time="0.000" /><testcase classname="tests.test_layout_validator.TestJJGeometry" name="test_jj_has_bottom_and_top_electrode" time="0.000" /><testcase classname="tests.test_layout_validator.TestCPWTopology" name="test_cpw_z0_near_50_ohm" time="0.001" /><testcase classname="tests.test_layout_validator.TestCPWTopology" name="test_cpw_has_signal_and_ground" time="0.000" /><testcase classname="tests.test_layout_validator.TestCPWTopology" name="test_cpw_has_no_ground_short_and_real_gap" time="0.001" /><testcase classname="tests.test_layout_validator.TestJPAFeatures" name="test_jpa_contains_required_physical_features" time="0.042" /><testcase classname="tests.test_layout_validator.TestJPAFeatures" name="test_jpa_sidecar_area_is_boolean_extracted" time="0.000" /><testcase classname="tests.test_layout_validator.TestResonatorLength" name="test_lambda_over_4_length_physical" time="0.001" /><testcase classname="tests.test_layout_validator.TestViaChain" name="test_via_count_matches_stages" time="0.005" /><testcase classname="tests.test_layout_validator.TestViaChain" name="test_via_chain_has_multi_layer_metal" time="0.005" /><testcase classname="tests.test_layout_validator.TestViaChain" name="test_via_overlaps_metal" time="0.004" /><testcase classname="tests.test_layout_validator.TestGoldenComparison" name="test_jj_golden" time="0.001" /><testcase classname="tests.test_layout_validator.TestGoldenComparison" name="test_cpw_golden_layers" time="0.001" /><testcase classname="tests.test_layout_validator.TestGoldenComparison" name="test_via_golden" time="0.006" /><testcase classname="tests.test_layout_validator.TestGoldenComparison" name="test_ground_golden" time="0.010" /><testcase classname="tests.test_layout_validator.TestPhysicsExtraction" name="test_extraction_has_lineage" time="0.003" /><testcase classname="tests.test_layout_validator.TestPhysicsExtraction" name="test_extraction_jj_ic_from_area" time="0.003" /><testcase classname="tests.test_layout_validator.TestPhysicsExtraction" name="test_cpw_z0_not_from_llm" time="0.003" /><testcase classname="tests.test_layout_validator.TestSolverTruth" name="test_skipped_solver_not_executed" time="0.000" /><testcase classname="tests.test_layout_validator.TestSolverTruth" name="test_executed_without_artifact_fails" time="0.000" /><testcase classname="tests.test_layout_validator.TestSolverTruth" name="test_josim_needs_waveform" time="0.000" /><testcase classname="tests.test_layout_validator.TestSolverTruth" name="test_scqubits_needs_eigenvalues" time="0.000" /><testcase classname="tests.test_layout_validator.TestSolverTruth" name="test_jc_needs_gain_array" time="0.000" /><testcase classname="tests.test_layout_validator.TestSolverTruth" name="test_valid_jc_passes" time="0.000" /><testcase classname="tests.test_layout_validator.TestSolverTruth" name="test_valid_scqubits_passes" time="0.000" /><testcase classname="tests.test_layout_validator.TestReportCorrectness" name="test_sidecar_is_fabrication_semantic_not_visualization_only" time="0.000" /><testcase classname="tests.test_layout_validator.TestReportCorrectness" name="test_sidecar_device_type" time="0.000" /><testcase classname="tests.test_layout_validator.TestReportCorrectness" name="test_cpw_sidecar_z0_physical" time="0.000" /><testcase classname="tests.test_layout_validator.TestReportCorrectness" name="test_compile_returns_required_keys" time="0.000" /><testcase classname="tests.test_layout_validator.TestIntentionalFailures" name="test_default_rejects_ground_only_coupon" time="0.000" /><testcase classname="tests.test_layout_validator.TestIntentionalFailures" name="test_default_rejects_decorative_via_chain" time="0.000" /><testcase classname="tests.test_layout_validator.TestIntentionalFailures" name="test_cpw_signal_overlapping_ground_fails" time="0.001" /><testcase classname="tests.test_layout_validator.TestIntentionalFailures" name="test_jj_marker_rectangle_without_al_overlap_fails" time="0.001" /><testcase classname="tests.test_layout_validator.TestIntentionalFailures" name="test_jpa_gain_without_executed_solver_fails_review" time="0.000" /><testcase classname="tests.test_layout_validator.TestIntentionalFailures" name="test_not_executed_solver_panel_cannot_pass_review" time="0.000" /><testcase classname="tests.test_layout_validator.TestIntentionalFailures" name="test_reject_fake_jj_area" time="0.011" /><testcase classname="tests.test_layout_validator.TestIntentionalFailures" name="test_reject_disconnected_port_layer" time="0.001" /><testcase classname="tests.test_new_modules" name="test_geometry_intelligence_import" time="0.000" /><testcase classname="tests.test_new_modules" name="test_geometry_intelligence_engine" time="0.000" /><testcase classname="tests.test_new_modules" name="test_design_graph_import" time="0.000" /><testcase classname="tests.test_new_modules" name="test_design_graph_engine" time="0.000" /><testcase classname="tests.test_new_modules" name="test_topology_reasoning_import" time="0.000" /><testcase classname="tests.test_new_modules" name="test_topology_reasoning_engine" time="0.000" /><testcase classname="tests.test_new_modules" name="test_engineering_rules_import" time="0.000" /><testcase classname="tests.test_new_modules" name="test_engineering_rules_engine" time="0.000" /><testcase classname="tests.test_new_modules" name="test_literature_graph_import" time="0.000" /><testcase classname="tests.test_new_modules" name="test_literature_graph_engine" time="0.000" /><testcase classname="tests.test_new_modules" name="test_design_optimization_import" time="0.000" /><testcase classname="tests.test_new_modules" name="test_device_understanding_import" time="0.000" /><testcase classname="tests.test_new_modules" name="test_device_understanding_engine" time="0.000" /><testcase classname="tests.test_new_modules" name="test_engineering_visualization_import" time="0.000" /><testcase classname="tests.test_new_modules" name="test_engineering_visualization_engine" time="0.000" /><testcase classname="tests.test_new_modules" name="test_main_package_import" time="0.000" /><testcase classname="tests.test_new_modules" name="test_version_updated" time="0.000" /><testcase classname="tests.test_new_modules" name="test_digital_twin_import" time="0.000" /><testcase classname="tests.test_new_modules" name="test_digital_twin_create_and_record" time="0.001" /><testcase classname="tests.test_new_modules" name="test_digital_twin_reliability_prediction" time="0.001" /><testcase classname="tests.test_new_modules" name="test_digital_twin_sim_vs_measurement" time="0.001" /><testcase classname="tests.test_new_modules" name="test_digital_twin_persistence" time="0.001" /><testcase classname="tests.test_new_modules" name="test_digital_twin_in_main_package" time="0.000" /><testcase classname="tests.test_new_modules" name="test_literature_paper_kb_has_all_topologies" time="0.000" /><testcase classname="tests.test_new_modules" name="test_literature_kb_all_devices_have_references" time="0.000" /><testcase classname="tests.test_new_modules" name="test_literature_kb_design_rules_present" time="0.000" /><testcase classname="tests.test_new_modules" name="test_literature_kb_get_best_reference" time="0.000" /><testcase classname="tests.test_new_modules" name="test_knowledge_graph_has_11_plus_devices" time="0.000" /><testcase classname="tests.test_new_modules" name="test_12_agent_committee_runs" time="0.000" /><testcase classname="tests.test_new_modules" name="test_12_agent_committee_score_is_minimum" time="0.000" /><testcase classname="tests.test_new_modules" name="test_chief_scientist_blocks_llm_source" time="0.000" /><testcase classname="tests.test_new_modules" name="test_tapeout_expert_blocks_missing_gds" time="0.000" /><testcase classname="tests.test_new_modules" name="test_generators_importable" time="0.000" /><testcase classname="tests.test_new_modules" name="test_generate_jpa_layout" time="0.002" /><testcase classname="tests.test_new_modules" name="test_generate_transmon_layout" time="0.000" /><testcase classname="tests.test_next_improvements" name="test_all_146_next_improvements_are_callable" time="0.000" /><testcase classname="tests.test_next_improvements" name="test_routing_floorplanning_and_project_templates" time="0.020" /><testcase classname="tests.test_next_improvements" name="test_process_migration_and_fabrication_cost" time="0.004" /><testcase classname="tests.test_next_improvements" name="test_junction_models_have_physical_limits" time="0.000" /><testcase classname="tests.test_next_improvements" name="test_em_surrogate_filter_and_lindblad_solver" time="0.004" /><testcase classname="tests.test_next_improvements" name="test_job_queue_authentication_and_latex" time="0.053" /><testcase classname="tests.test_next_improvements" name="test_git_style_device_version_history" time="0.002" /><testcase classname="tests.test_no_fake_gain" name="test_gain_source_llm_fails_artifact_validation" time="0.000" /><testcase classname="tests.test_no_fake_gain" name="test_artifact_validator_requires_gain_array" time="0.000" /><testcase classname="tests.test_no_fake_gain" name="test_artifact_validator_accepts_real_gain_array" time="0.000" /><testcase classname="tests.test_no_fake_gain" name="test_artifact_validator_accepts_skipped_jc" time="0.000" /><testcase classname="tests.test_no_fake_gain" name="test_artifact_validator_rejects_nan_gain_array" time="0.000" /><testcase classname="tests.test_no_fake_gain" name="test_artifact_validator_requires_scqubits_eigenvalues" time="0.000" /><testcase classname="tests.test_no_fake_gain" name="test_artifact_validator_accepts_real_scqubits_result" time="0.000" /><testcase classname="tests.test_no_toy_layouts" name="test_cpw_has_ground_plane" time="0.001" /><testcase classname="tests.test_no_toy_layouts" name="test_cpw_has_signal_trace" time="0.001" /><testcase classname="tests.test_no_toy_layouts" name="test_jj_has_multilayer" time="0.001" /><testcase classname="tests.test_no_toy_layouts" name="test_cpw_resonator_has_meander" time="0.001" /><testcase classname="tests.test_no_toy_layouts" name="test_jj_not_single_rectangle" time="0.001" /><testcase classname="tests.test_open_solver" name="test_agreement_three_sources_pass" time="0.000" /><testcase classname="tests.test_open_solver" name="test_agreement_single_source_is_never_trusted" time="0.000" /><testcase classname="tests.test_open_solver" name="test_agreement_disagreement_fails" time="0.000" /><testcase classname="tests.test_open_solver" name="test_agreement_ignores_missing_values" time="0.000" /><testcase classname="tests.test_open_solver" name="test_route_cpw_uses_openems_and_palace" time="0.000" /><testcase classname="tests.test_open_solver" name="test_route_jpa_publication_requires_two_and_adds_circuit_companion" time="0.000" /><testcase classname="tests.test_open_solver" name="test_route_qubit_uses_palace_and_scqubits" time="0.000" /><testcase classname="tests.test_open_solver" name="test_route_validation_only_when_requested" time="0.000" /><testcase classname="tests.test_open_solver" name="test_select_backends_default" time="0.000" /><testcase classname="tests.test_open_solver" name="test_manager_solve_routes_skips_and_excludes_commercial" time="0.001" /><testcase classname="tests.test_open_solver" name="test_manager_solve_reports_commercial_validation_disabled" time="0.001" /><testcase classname="tests.test_openems_real_s2p" name="test_openems_missing_binary_returns_skipped" time="0.007" /><testcase classname="tests.test_openems_real_s2p" name="test_openems_no_octave_returns_skipped_with_explanation" time="0.225" /><testcase classname="tests.test_openems_real_s2p" name="test_openems_missing_resonance_returns_failed" time="0.001" /><testcase classname="tests.test_openems_real_s2p" name="test_artifact_validator_rejects_openems_without_s2p" time="0.000" /><testcase classname="tests.test_openems_real_s2p" name="test_artifact_validator_rejects_openems_missing_file" time="0.001" /><testcase classname="tests.test_openems_real_s2p" name="test_artifact_validator_accepts_openems_with_real_s2p" time="0.000" /><testcase classname="tests.test_openems_real_s2p" name="test_artifact_validator_accepts_openems_skipped" time="0.000" /><testcase classname="tests.test_opensource_em" name="test_gmsh_mesh_runs_or_skips_cleanly" time="0.001" /><testcase classname="tests.test_opensource_em" name="test_palace_config_and_project" time="0.001" /><testcase classname="tests.test_opensource_em" name="test_elmer_sif_and_project" time="0.001" /><testcase classname="tests.test_opensource_em" name="test_fasthenry_and_fastcap_generate_decks" time="0.001" /><testcase classname="tests.test_packaging" name="test_bondwire_inductance_matches_rule_of_thumb" time="0.000" /><testcase classname="tests.test_packaging" name="test_rectangular_cavity_modes_are_sorted_and_physical" time="0.000" /><testcase classname="tests.test_packaging" name="test_estimate_package_model_flags_and_self_resonance" time="0.000" /><testcase classname="tests.test_packaging" name="test_write_package_model_writes_artifacts" time="0.136" /><testcase classname="tests.test_paper_benchmarks" name="test_paper_reproduction_suite" time="0.034" /><testcase classname="tests.test_pdk" name="test_all_shipped_pdks_load_and_convert_to_existing_process_model" time="0.016" /><testcase classname="tests.test_pdk" name="test_pdk_layer_mapping_rules_and_surface_impedance" time="0.003" /><testcase classname="tests.test_pdk" name="test_database_selects_latest_semantic_version" time="0.013" /><testcase classname="tests.test_pdk" name="test_pdk_rejects_undefined_material_and_duplicate_gds_mapping" time="0.000" /><testcase classname="tests.test_pdk" name="test_pdk_mcp_tools_return_json_serializable_models" time="0.034" /><testcase classname="tests.test_phase1_phase2" name="test_meep_registered_and_open_source" time="0.001" /><testcase classname="tests.test_phase1_phase2" name="test_meep_project_writes_script_and_skips_without_binary" time="0.001" /><testcase classname="tests.test_phase1_phase2" name="test_open_eigenmode_emits_hfss_schema" time="0.002" /><testcase classname="tests.test_phase1_phase2" name="test_open_q3d_extract_schema" time="0.003" /><testcase classname="tests.test_phase1_phase2" name="test_idc_auto_tune_converges_within_tolerance" time="0.008" /><testcase classname="tests.test_phase1_phase2" name="test_templates_listed_and_loadable" time="0.001" /><testcase classname="tests.test_phase1_phase2" name="test_template_match_by_substring" time="0.002" /><testcase classname="tests.test_phase1_phase2" name="test_validate_sidecar_reports_features" time="0.001" /><testcase classname="tests.test_phase1_phase2" name="test_feasibility_rejects_gain_bandwidth_violation" time="0.013" /><testcase classname="tests.test_phase1_phase2" name="test_feasibility_accepts_reasonable_spec" time="0.001" /><testcase classname="tests.test_phase1_phase2" name="test_feasibility_flags_out_of_range_frequency" time="0.001" /><testcase classname="tests.test_phase1_phase2" name="test_feasibility_unknown_device_still_runs_constraints" time="0.000" /><testcase classname="tests.test_phase456" name="test_summarize_layout_detects_junction" time="0.002" /><testcase classname="tests.test_phase456" name="test_layout_novelty_without_corpus_is_honest" time="0.000" /><testcase classname="tests.test_phase456" name="test_layout_novelty_with_corpus_ranks_and_scores" time="0.000" /><testcase classname="tests.test_phase456" name="test_open_benchmarks_assert_physics_not_files" time="0.044" /><testcase classname="tests.test_phase456" name="test_benchmarks_have_numeric_targets_and_computed" time="0.050" /><testcase classname="tests.test_phase456" name="test_research_readiness_ready_when_all_axes_pass" time="0.000" /><testcase classname="tests.test_phase456" name="test_research_readiness_gated_by_failing_axis" time="0.000" /><testcase classname="tests.test_phase456" name="test_assess_design_validates_feasible_candidate" time="0.001" /><testcase classname="tests.test_phase456" name="test_assess_design_rejects_infeasible_before_review" time="0.001" /><testcase classname="tests.test_phase456" name="test_write_review_report" time="0.003" /><testcase classname="tests.test_phase8_foundations" name="test_scientific_verification_and_uncertainty" time="0.001" /><testcase classname="tests.test_phase8_foundations" name="test_dataset_graph_and_embedding_foundations" time="0.001" /><testcase classname="tests.test_phase8_foundations" name="test_differentiable_and_learning_foundations" time="0.000" /><testcase classname="tests.test_phase8_foundations" name="test_topology_novelty_and_patent_similarity" time="0.000" /><testcase classname="tests.test_phase8_operations" name="test_literature_dataset_and_layout_operations" time="0.000" /><testcase classname="tests.test_phase8_operations" name="test_measurement_signoff_and_research_operations" time="0.000" /><testcase classname="tests.test_phases_1_10.TestTopologyRecognition" name="test_unknown_device_returns_unknown" time="0.000" /><testcase classname="tests.test_phases_1_10.TestTopologyRecognition" name="test_no_fake_topology" time="0.000" /><testcase classname="tests.test_phases_1_10.TestTopologyRecognition" name="test_squid_detected_from_two_close_jjs" time="0.000" /><testcase classname="tests.test_phases_1_10.TestTopologyRecognition" name="test_topology_graph_has_required_types" time="0.000" /><testcase classname="tests.test_phases_1_10.TestTopologyRecognition" name="test_confidence_bounded" time="0.000" /><testcase classname="tests.test_phases_1_10.TestReferenceMatching" name="test_no_references_returns_zero" time="0.001" /><testcase classname="tests.test_phases_1_10.TestReferenceMatching" name="test_score_bounded" time="0.000" /><testcase classname="tests.test_phases_1_10.TestReferenceMatching" name="test_topology_mismatch_penalizes_score" time="0.000" /><testcase classname="tests.test_phases_1_10.TestGeometryIntelligence" name="test_returns_required_keys" time="0.000" /><testcase classname="tests.test_phases_1_10.TestGeometryIntelligence" name="test_schema_version" time="0.000" /><testcase classname="tests.test_phases_1_10.TestGeometryIntelligence" name="test_empty_input_produces_valid_output" time="0.000" /><testcase classname="tests.test_phases_1_10.TestPhysicalDesignReview" name="test_no_ground_plane_is_error" time="0.000" /><testcase classname="tests.test_phases_1_10.TestPhysicalDesignReview" name="test_returns_valid_structure" time="0.000" /><testcase classname="tests.test_phases_1_10.TestPhysicalDesignReview" name="test_score_bounded" time="0.000" /><testcase classname="tests.test_phases_1_10.TestLayoutCritic" name="test_all_agents_run" time="0.000" /><testcase classname="tests.test_phases_1_10.TestLayoutCritic" name="test_score_is_minimum" time="0.000" /><testcase classname="tests.test_phases_1_10.TestLayoutCritic" name="test_blockers_are_errors" time="0.000" /><testcase classname="tests.test_phases_1_10.TestLayoutCritic" name="test_with_topology_context" time="0.000" /><testcase classname="tests.test_phases_1_10.TestJPAGenerator" name="test_returns_required_keys" time="0.002" /><testcase classname="tests.test_phases_1_10.TestJPAGenerator" name="test_idc_has_fingers" time="0.001" /><testcase classname="tests.test_phases_1_10.TestJPAGenerator" name="test_squid_has_interrupted_path" time="0.002" /><testcase classname="tests.test_phases_1_10.TestJPAGenerator" name="test_flux_line_has_coupling_region" time="0.001" /><testcase classname="tests.test_phases_1_10.TestTransmonGenerator" name="test_pocket_variant" time="0.000" /><testcase classname="tests.test_phases_1_10.TestTransmonGenerator" name="test_xmon_variant" time="0.000" /><testcase classname="tests.test_phases_1_10.TestTransmonGenerator" name="test_concentric_variant" time="0.000" /><testcase classname="tests.test_phases_1_10.TestTransmonGenerator" name="test_invalid_variant_raises" time="0.000" /><testcase classname="tests.test_phases_1_10.TestConstraints" name="test_no_fake_gain_in_physics_graph" time="0.000" /><testcase classname="tests.test_phases_1_10.TestConstraints" name="test_committee_score_is_minimum" time="0.000" /><testcase classname="tests.test_phases_1_10.TestConstraints" name="test_enhanced_committee_includes_all_reviewers" time="0.000" /><testcase classname="tests.test_phases_1_10.TestConstraints" name="test_topology_never_guesses" time="0.000" /><testcase classname="tests.test_phases_1_10.TestConstraints" name="test_reference_library_exists" time="0.000" /><testcase classname="tests.test_physics_benchmark.TestReproduceKnownJunction" name="test_junction_area_matches_design_spec" time="0.002" /><testcase classname="tests.test_physics_benchmark.TestReproduceKnownJunction" name="test_ic_formula_ic_equals_jc_times_area" time="0.001" /><testcase classname="tests.test_physics_benchmark.TestReproduceKnownJunction" name="test_lj_formula_phi0_over_2pi_ic" time="0.001" /><testcase classname="tests.test_physics_benchmark.TestReproduceKnownJunction" name="test_f0_from_lc_not_from_target" time="0.002" /><testcase classname="tests.test_physics_benchmark.TestCPWResonatorCompilerAccuracy" name="test_quarter_wave_length_formula_exact" time="0.000" /><testcase classname="tests.test_physics_benchmark.TestCPWResonatorCompilerAccuracy" name="test_back_calculated_frequency_within_1pct" time="0.000" /><testcase classname="tests.test_physics_benchmark.TestCPWResonatorCompilerAccuracy" name="test_cpw_resonator_sweep_all_succeed" time="0.000" /><testcase classname="tests.test_physics_benchmark.TestDRCCompliance" name="test_junction_area_above_process_minimum" time="0.003" /><testcase classname="tests.test_physics_benchmark.TestDRCCompliance" name="test_cpw_trace_above_minimum_width" time="0.000" /><testcase classname="tests.test_physics_benchmark.TestDRCCompliance" name="test_cpw_gap_above_minimum" time="0.000" /><testcase classname="tests.test_physics_benchmark.TestSolverPassivity" name="test_passive_touchstone_accepted" time="0.001" /><testcase classname="tests.test_physics_benchmark.TestSolverPassivity" name="test_active_touchstone_rejected" time="0.001" /><testcase classname="tests.test_physics_benchmark.TestSolverPassivity" name="test_rf_artifacts_reject_no_touchstone" time="0.002" /><testcase classname="tests.test_physics_benchmark.TestSolverPassivity" name="test_rf_artifacts_skipped_without_real_data" time="0.002" /><testcase classname="tests.test_physics_benchmark.TestReportLineage" name="test_metric_has_required_lineage_fields" time="0.000" /><testcase classname="tests.test_physics_benchmark.TestReportLineage" name="test_metric_without_solver_is_still_valid" time="0.000" /><testcase classname="tests.test_physics_benchmark.TestReportLineage" name="test_metric_none_value_is_allowed" time="0.005" /><testcase classname="tests.test_physics_benchmark.TestTechnologyYAMLRequirement" name="test_find_known_technology" time="0.001" /><testcase classname="tests.test_physics_benchmark.TestTechnologyYAMLRequirement" name="test_technology_filename_matching_is_case_portable" time="0.002" /><testcase classname="tests.test_physics_benchmark.TestTechnologyYAMLRequirement" name="test_unknown_technology_returns_none" time="0.000" /><testcase classname="tests.test_physics_benchmark.TestTechnologyYAMLRequirement" name="test_load_ncu_alox_technology" time="0.002" /><testcase classname="tests.test_physics_benchmark.TestTechnologyYAMLRequirement" name="test_load_technology_fails_gracefully_when_missing" time="0.000" /><testcase classname="tests.test_physics_benchmark.TestTechnologyYAMLRequirement" name="test_supercad_fails_without_technology" time="0.001" /><testcase classname="tests.test_physics_compiler" name="test_cpw_resonator_quarter_wave_6ghz" time="0.000" /><testcase classname="tests.test_physics_compiler" name="test_cpw_resonator_half_wave_5ghz" time="0.000" /><testcase classname="tests.test_physics_compiler" name="test_cpw_resonator_fails_on_negative_frequency" time="0.000" /><testcase classname="tests.test_physics_compiler" name="test_cpw_resonator_all_outputs_have_lineage" time="0.000" /><testcase classname="tests.test_physics_compiler" name="test_cpw_supercad_params_format" time="0.000" /><testcase classname="tests.test_physics_compiler" name="test_jj_area_from_ic_and_jc" time="0.000" /><testcase classname="tests.test_physics_compiler" name="test_jj_lj_from_ic" time="0.000" /><testcase classname="tests.test_physics_compiler" name="test_jj_fails_below_drc_minimum" time="0.000" /><testcase classname="tests.test_physics_compiler" name="test_jj_all_outputs_have_lineage" time="0.000" /><testcase classname="tests.test_physics_compiler" name="test_lc_capacitor_from_frequency_and_inductance" time="0.000" /><testcase classname="tests.test_physics_compiler" name="test_lc_capacitor_fails_on_zero_inductance" time="0.000" /><testcase classname="tests.test_physics_compiler" name="test_transmon_ec_equals_anharmonicity" time="0.000" /><testcase classname="tests.test_physics_compiler" name="test_transmon_ej_formula" time="0.000" /><testcase classname="tests.test_physics_compiler" name="test_transmon_ic_from_ej" time="0.000" /><testcase classname="tests.test_physics_compiler" name="test_transmon_capacitance_from_ec" time="0.000" /><testcase classname="tests.test_physics_compiler" name="test_transmon_fails_on_zero_frequency" time="0.000" /><testcase classname="tests.test_physics_compiler" name="test_compile_physics_dispatcher_cpw" time="0.000" /><testcase classname="tests.test_physics_compiler" name="test_compile_physics_dispatcher_jj" time="0.000" /><testcase classname="tests.test_physics_compiler" name="test_compile_physics_dispatcher_unknown" time="0.000" /><testcase classname="tests.test_physics_compiler" name="test_compile_physics_no_fake_defaults" time="0.000" /><testcase classname="tests.test_physics_compiler_loop" name="test_extract_device_jj_quantities_have_source_geometry" time="0.004" /><testcase classname="tests.test_physics_compiler_loop" name="test_extract_device_cpw_per_length_values" time="0.002" /><testcase classname="tests.test_physics_compiler_loop" name="test_solver_lifecycle_prepares_and_skips_missing_openems" time="0.007" /><testcase classname="tests.test_physics_compiler_loop" name="test_fastcap_prepare_writes_deck" time="0.003" /><testcase classname="tests.test_physics_compiler_loop" name="test_microwave_report_extracts_resonance_and_rejects_active_passive" time="0.001" /><testcase classname="tests.test_physics_compiler_loop" name="test_jpa_physics_report_and_optimizer" time="0.001" /><testcase classname="tests.test_physics_engine" name="test_physical_constants_codata2019" time="0.000" /><testcase classname="tests.test_physics_engine" name="test_unit_conversions" time="0.000" /><testcase classname="tests.test_physics_engine" name="test_quantity_rejects_llm_source" time="0.000" /><testcase classname="tests.test_physics_engine" name="test_provenance_record_valid" time="0.000" /><testcase classname="tests.test_physics_engine" name="test_provenance_record_rejects_llm" time="0.000" /><testcase classname="tests.test_physics_engine" name="test_provenance_record_rejects_nonfinite" time="0.000" /><testcase classname="tests.test_physics_engine" name="test_provenance_write_bundle" time="0.001" /><testcase classname="tests.test_physics_engine" name="test_ic_from_area" time="0.000" /><testcase classname="tests.test_physics_engine" name="test_lj_from_ic" time="0.000" /><testcase classname="tests.test_physics_engine" name="test_ej_from_ic" time="0.000" /><testcase classname="tests.test_physics_engine" name="test_ec_from_capacitance" time="0.000" /><testcase classname="tests.test_physics_engine" name="test_transmon_f01_physical_range" time="0.000" /><testcase classname="tests.test_physics_engine" name="test_transmon_anharmonicity_negative" time="0.000" /><testcase classname="tests.test_physics_engine" name="test_ambegaokar_baratoff" time="0.000" /><testcase classname="tests.test_physics_engine" name="test_full_jj_analysis_keys" time="0.000" /><testcase classname="tests.test_physics_engine" name="test_cpw_z0_near_50ohm" time="0.000" /><testcase classname="tests.test_physics_engine" name="test_cpw_epsilon_eff_bounds" time="0.000" /><testcase classname="tests.test_physics_engine" name="test_cpw_phase_velocity" time="0.000" /><testcase classname="tests.test_physics_engine" name="test_cpw_quarter_wave_length_range" time="0.000" /><testcase classname="tests.test_physics_engine" name="test_cpw_cl_product_identity" time="0.000" /><testcase classname="tests.test_physics_engine" name="test_full_cpw_analysis_no_llm_source" time="0.000" /><testcase classname="tests.test_physics_engine" name="test_quarter_wave_frequency" time="0.000" /><testcase classname="tests.test_physics_engine" name="test_loaded_q" time="0.000" /><testcase classname="tests.test_physics_engine" name="test_coupling_regime_overcoupled" time="0.000" /><testcase classname="tests.test_physics_engine" name="test_coupling_regime_undercoupled" time="0.000" /><testcase classname="tests.test_physics_engine" name="test_coupling_regime_critical" time="0.000" /><testcase classname="tests.test_physics_engine" name="test_q_extraction_synthetic" time="0.000" /><testcase classname="tests.test_physics_engine" name="test_full_resonator_analysis" time="0.000" /><testcase classname="tests.test_physics_engine" name="test_touchstone_reciprocal_passive" time="0.001" /><testcase classname="tests.test_physics_engine" name="test_touchstone_non_reciprocal_fails" time="0.000" /><testcase classname="tests.test_physics_engine" name="test_touchstone_missing_file_handled" time="0.000" /><testcase classname="tests.test_physics_engine" name="test_passivity_check_correctly_rejects_gain" time="0.000" /><testcase classname="tests.test_physics_engine" name="test_reciprocity_check" time="0.000" /><testcase classname="tests.test_physics_engine" name="test_cross_validate_two_sources_agree" time="0.000" /><testcase classname="tests.test_physics_engine" name="test_cross_validate_two_sources_disagree" time="0.000" /><testcase classname="tests.test_physics_engine" name="test_cross_validate_single_source_fails" time="0.000" /><testcase classname="tests.test_physics_engine" name="test_cross_validate_skipped_sources_excluded" time="0.000" /><testcase classname="tests.test_physics_engine" name="test_validate_solver_agreement_triggers_repair" time="0.000" /><testcase classname="tests.test_physics_engine" name="test_validate_cpw_agreement_structure" time="0.000" /><testcase classname="tests.test_physics_engine" name="test_solver_output_skipped" time="0.004" /><testcase classname="tests.test_physics_engine" name="test_solver_output_failed" time="0.000" /><testcase classname="tests.test_physics_engine" name="test_solver_output_valid_statuses" time="0.000" /><testcase classname="tests.test_physics_engine" name="test_elmer_not_available_returns_skipped" time="0.001" /><testcase classname="tests.test_physics_engine" name="test_fastcap_not_available_returns_skipped" time="0.000" /><testcase classname="tests.test_physics_engine" name="test_openems_not_available_returns_skipped" time="0.001" /><testcase classname="tests.test_physics_engine" name="test_josephsoncircuits_not_available_returns_skipped" time="0.001" /><testcase classname="tests.test_physics_engine" name="test_geometry_extraction_write" time="0.002" /><testcase classname="tests.test_physics_engine" name="test_repair_loop_converges" time="0.000" /><testcase classname="tests.test_physics_engine" name="test_repair_loop_stops_at_max_iterations" time="0.000" /><testcase classname="tests.test_physics_engine" name="test_repair_result_to_dict" time="0.000" /><testcase classname="tests.test_physics_engine" name="test_process_yaml_loads" time="0.001" /><testcase classname="tests.test_physics_engine" name="test_process_yaml_missing_key_raises" time="0.001" /><testcase classname="tests.test_physics_engine" name="test_scqubits_transmon_spectrum" time="0.000"><skipped type="pytest.skip" message="scqubits not installed">/Users/ludko/Desktop/text2layout/Text-to-Layout/tests/test_physics_engine.py:688: scqubits not installed</skipped></testcase><testcase classname="tests.test_physics_engine" name="test_no_llm_in_jj_analysis" time="0.000" /><testcase classname="tests.test_physics_engine" name="test_no_llm_in_cpw_analysis" time="0.000" /><testcase classname="tests.test_physics_first_pipeline" name="test_jj_area_0484_jc_2_gives_ic_0968_ua" time="0.002" /><testcase classname="tests.test_physics_first_pipeline" name="test_jj_lj_approx_3_4_nH" time="0.001" /><testcase classname="tests.test_physics_first_pipeline" name="test_jj_extraction_with_lc_and_lineage" time="0.001" /><testcase classname="tests.test_physics_first_pipeline" name="test_missing_jc_returns_explicit_failure" time="0.002" /><testcase classname="tests.test_physics_first_pipeline" name="test_missing_jj_layer_returns_explicit_failure" time="0.001" /><testcase classname="tests.test_physics_first_pipeline" name="test_f0_computed_from_extracted_lc_not_from_target" time="0.001" /><testcase classname="tests.test_physics_first_pipeline" name="test_missing_capacitance_leaves_f0_null" time="0.001" /><testcase classname="tests.test_physics_first_pipeline" name="test_target_frequency_mismatch_fails" time="0.001" /><testcase classname="tests.test_physics_first_pipeline" name="test_unit_qualified_aliases_populated" time="0.001" /><testcase classname="tests.test_physics_first_pipeline" name="test_extraction_schema_accessors" time="0.001" /><testcase classname="tests.test_physics_first_pipeline" name="test_rf_artifacts_require_and_validate_touchstone" time="0.233" /><testcase classname="tests.test_physics_first_pipeline" name="test_rf_rejects_nonpassive_or_missing_data" time="0.003" /><testcase classname="tests.test_physics_first_pipeline" name="test_validate_touchstone_accepts_passive_file" time="0.001" /><testcase classname="tests.test_physics_first_pipeline" name="test_validate_touchstone_rejects_missing_file" time="0.003" /><testcase classname="tests.test_physics_first_pipeline" name="test_validate_touchstone_rejects_active_file" time="0.001" /><testcase classname="tests.test_physics_first_pipeline" name="test_cross_validate_solvers_fails_without_both_files" time="0.001" /><testcase classname="tests.test_physics_first_pipeline" name="test_cross_validate_solvers_passes_with_two_matching_files" time="0.001" /><testcase classname="tests.test_physics_first_pipeline" name="test_josephsoncircuits_adapter_fails_without_lj" time="0.001" /><testcase classname="tests.test_physics_first_pipeline" name="test_josephsoncircuits_adapter_fails_without_capacitance" time="0.001" /><testcase classname="tests.test_physics_first_pipeline" name="test_josephsoncircuits_adapter_skipped_without_julia" time="0.001" /><testcase classname="tests.test_physics_first_pipeline" name="test_josephsoncircuits_script_contains_lj_and_c" time="0.001" /><testcase classname="tests.test_physics_first_pipeline" name="test_scqubits_fails_without_capacitance" time="0.001" /><testcase classname="tests.test_physics_first_pipeline" name="test_scqubits_fails_without_ic" time="0.001" /><testcase classname="tests.test_physics_first_pipeline" name="test_scqubits_ej_ec_computed_from_extracted_values" time="0.003" /><testcase classname="tests.test_physics_first_pipeline" name="test_scqubits_warns_about_harmonic_regime" time="0.001" /><testcase classname="tests.test_physics_first_pipeline" name="test_scqubits_fails_when_anharmonicity_below_10_mhz" time="0.001" /><testcase classname="tests.test_physics_first_pipeline" name="test_josephsoncircuits_passive_mode_generates_no_pump" time="0.001" /><testcase classname="tests.test_physics_first_pipeline" name="test_josephsoncircuits_jpa_mode_fails_without_pump" time="0.001" /><testcase classname="tests.test_physics_first_pipeline" name="test_josephsoncircuits_jpa_mode_with_pump_generates_script" time="0.001" /><testcase classname="tests.test_physics_first_pipeline" name="test_josephsoncircuits_unknown_mode_fails" time="0.001" /><testcase classname="tests.test_physics_first_pipeline" name="test_openems_runner_skips_without_openems" time="0.006" /><testcase classname="tests.test_physics_first_pipeline" name="test_openems_runner_fails_without_resonance_frequency" time="0.001" /><testcase classname="tests.test_physics_first_pipeline" name="test_report_uses_engineering_notation" time="0.001" /><testcase classname="tests.test_physics_grounded_compiler_contract" name="test_manhattan_jj_is_process_aware_and_extracted_from_gds" time="0.004" /><testcase classname="tests.test_physics_grounded_compiler_contract" name="test_extracted_numbers_have_required_lineage_fields" time="0.001" /><testcase classname="tests.test_physics_grounded_compiler_contract" name="test_cpw_resonator_carries_conformal_mapping_lineage" time="0.000" /><testcase classname="tests.test_physics_grounded_compiler_contract" name="test_lumped_jpa_maps_layout_to_equivalent_circuit" time="0.003" /><testcase classname="tests.test_physics_grounded_compiler_contract" name="test_solver_boundary_uses_strict_uppercase_status" time="0.001" /><testcase classname="tests.test_physics_provenance" name="test_extracted_quantity_creation" time="0.000" /><testcase classname="tests.test_physics_provenance" name="test_provenance_chain" time="0.000" /><testcase classname="tests.test_physics_provenance" name="test_provenance_chain_rejects_source_mix" time="0.000" /><testcase classname="tests.test_pyaedt_bridge" name="test_pyaedt_bundle_maps_process_and_generates_current_api_scripts" time="0.009" /><testcase classname="tests.test_pyaedt_bridge" name="test_em_geometry_correction_is_a_first_order_optimizer_seed" time="0.000" /><testcase classname="tests.test_pyaedt_bridge" name="test_pyaedt_benchmarks_skip_missing_solver_data_and_compare_real_results" time="0.003" /><testcase classname="tests.test_quantum_eda_platform.TestDeviceClassifier" name="test_classifier_import" time="0.000" /><testcase classname="tests.test_quantum_eda_platform.TestDeviceClassifier" name="test_device_type_enum" time="0.000" /><testcase classname="tests.test_quantum_eda_platform.TestDeviceClassifier" name="test_classifier_creation" time="0.000" /><testcase classname="tests.test_quantum_eda_platform.TestDeviceClassifier" name="test_classify_with_geometry" time="0.000" /><testcase classname="tests.test_quantum_eda_platform.TestDeviceClassifier" name="test_classify_with_topology" time="0.000" /><testcase classname="tests.test_quantum_eda_platform.TestDeviceClassifier" name="test_classification_result_to_dict" time="0.000" /><testcase classname="tests.test_quantum_eda_platform.TestDependencyGraph" name="test_dependency_graph_import" time="0.000" /><testcase classname="tests.test_quantum_eda_platform.TestDependencyGraph" name="test_dependency_layer_enum" time="0.000" /><testcase classname="tests.test_quantum_eda_platform.TestDependencyGraph" name="test_dependency_node_creation" time="0.000" /><testcase classname="tests.test_quantum_eda_platform.TestDependencyGraph" name="test_dependency_graph_creation" time="0.000" /><testcase classname="tests.test_quantum_eda_platform.TestDependencyGraph" name="test_build_from_design" time="0.000" /><testcase classname="tests.test_quantum_eda_platform.TestDependencyGraph" name="test_dependency_graph_to_dict" time="0.000" /><testcase classname="tests.test_quantum_eda_platform.TestDesignMemory" name="test_design_memory_import" time="0.000" /><testcase classname="tests.test_quantum_eda_platform.TestDesignMemory" name="test_design_case_creation" time="0.000" /><testcase classname="tests.test_quantum_eda_platform.TestDesignMemory" name="test_design_case_to_dict" time="0.000" /><testcase classname="tests.test_quantum_eda_platform.TestDesignMemory" name="test_design_memory_creation" time="0.000" /><testcase classname="tests.test_quantum_eda_platform.TestDesignMemory" name="test_store_and_retrieve" time="0.000" /><testcase classname="tests.test_quantum_eda_platform.TestDesignMemory" name="test_search" time="0.000" /><testcase classname="tests.test_quantum_eda_platform.TestMeasurementKnowledgeBase" name="test_measurement_kb_import" time="0.000" /><testcase classname="tests.test_quantum_eda_platform.TestMeasurementKnowledgeBase" name="test_measurement_type_enum" time="0.000" /><testcase classname="tests.test_quantum_eda_platform.TestMeasurementKnowledgeBase" name="test_measurement_record_creation" time="0.000" /><testcase classname="tests.test_quantum_eda_platform.TestMeasurementKnowledgeBase" name="test_measurement_kb_creation" time="0.000" /><testcase classname="tests.test_quantum_eda_platform.TestMeasurementKnowledgeBase" name="test_store_and_retrieve" time="0.000" /><testcase classname="tests.test_quantum_eda_platform.TestLayoutCritic" name="test_layout_critic_import" time="0.000" /><testcase classname="tests.test_quantum_eda_platform.TestLayoutCritic" name="test_review_category_enum" time="0.000" /><testcase classname="tests.test_quantum_eda_platform.TestLayoutCritic" name="test_review_severity_enum" time="0.000" /><testcase classname="tests.test_quantum_eda_platform.TestLayoutCritic" name="test_layout_critic_creation" time="0.000" /><testcase classname="tests.test_quantum_eda_platform.TestLayoutCritic" name="test_review_with_geometry" time="0.000" /><testcase classname="tests.test_quantum_eda_platform.TestLayoutCritic" name="test_review_report_to_dict" time="0.000" /><testcase classname="tests.test_quantum_eda_platform.TestEngineeringReasoner" name="test_engineering_reasoner_import" time="0.000" /><testcase classname="tests.test_quantum_eda_platform.TestEngineeringReasoner" name="test_engineering_question_enum" time="0.000" /><testcase classname="tests.test_quantum_eda_platform.TestEngineeringReasoner" name="test_answer_source_enum" time="0.000" /><testcase classname="tests.test_quantum_eda_platform.TestEngineeringReasoner" name="test_engineering_reasoner_creation" time="0.000" /><testcase classname="tests.test_quantum_eda_platform.TestEngineeringReasoner" name="test_answer_question" time="0.000" /><testcase classname="tests.test_quantum_eda_platform.TestEngineeringReasoner" name="test_answer_to_dict" time="0.000" /><testcase classname="tests.test_quantum_eda_platform.TestReferenceLibrary" name="test_reference_library_exists" time="0.000" /><testcase classname="tests.test_quantum_eda_platform.TestReferenceLibrary" name="test_reference_library_loadable" time="0.000" /><testcase classname="tests.test_quantum_eda_platform.TestReferenceLibrary" name="test_reference_library_has_expected_devices" time="0.000" /><testcase classname="tests.test_readiness" name="test_readiness_block_present_with_six_stages" time="0.000" /><testcase classname="tests.test_readiness" name="test_downstream_evidence_is_gated_by_upstream_stages" time="0.001" /><testcase classname="tests.test_report_visual_quality" name="test_render_produces_png" time="0.004" /><testcase classname="tests.test_report_visual_quality" name="test_render_not_blank" time="0.005" /><testcase classname="tests.test_report_visual_quality" name="test_sidecar_has_required_fields" time="0.002" /><testcase classname="tests.test_research_execution" name="test_scqubits_executes" time="0.000"><skipped type="pytest.skip" message="scqubits not installed">/Users/ludko/Desktop/text2layout/Text-to-Layout/tests/test_research_execution.py:39: scqubits not installed</skipped></testcase><testcase classname="tests.test_research_execution" name="test_qcodes_executes" time="0.000"><skipped type="pytest.skip" message="qcodes not installed">/Users/ludko/Desktop/text2layout/Text-to-Layout/tests/test_research_execution.py:59: qcodes not installed</skipped></testcase><testcase classname="tests.test_research_execution" name="test_optuna_executes" time="0.000"><skipped type="pytest.skip" message="optuna not installed">/Users/ludko/Desktop/text2layout/Text-to-Layout/tests/test_research_execution.py:78: optuna not installed</skipped></testcase><testcase classname="tests.test_research_execution" name="test_scikit_rf_reads_real_touchstone" time="0.000"><skipped type="pytest.skip" message="scikit-rf not installed">/Users/ludko/Desktop/text2layout/Text-to-Layout/tests/test_research_execution.py:93: scikit-rf not installed</skipped></testcase><testcase classname="tests.test_research_execution" name="test_synthetic_simulation_returns_skipped" time="0.000"><skipped type="pytest.skip" message="scikit-rf not installed">/Users/ludko/Desktop/text2layout/Text-to-Layout/tests/test_research_execution.py:122: scikit-rf not installed</skipped></testcase><testcase classname="tests.test_research_execution" name="test_qiskit_metal_executes_or_skips_cleanly" time="0.002" /><testcase classname="tests.test_research_execution" name="test_openems_executes" time="0.000"><skipped type="pytest.skip" message="set TEXT_TO_GDS_RUN_EXTERNAL=1 to run the FDTD/Julia path">/Users/ludko/Desktop/text2layout/Text-to-Layout/tests/test_research_execution.py:162: set TEXT_TO_GDS_RUN_EXTERNAL=1 to run the FDTD/Julia path</skipped></testcase><testcase classname="tests.test_research_execution" name="test_josephsoncircuits_jpa_executes" time="0.000"><skipped type="pytest.skip" message="set TEXT_TO_GDS_RUN_EXTERNAL=1 to run the FDTD/Julia path">/Users/ludko/Desktop/text2layout/Text-to-Layout/tests/test_research_execution.py:182: set TEXT_TO_GDS_RUN_EXTERNAL=1 to run the FDTD/Julia path</skipped></testcase><testcase classname="tests.test_research_quality_goal" name="test_design_intent_fails_before_geometry_when_physics_is_missing" time="0.001" /><testcase classname="tests.test_research_quality_goal" name="test_design_intent_synthesizes_traceable_lc_q_and_cpw" time="0.000" /><testcase classname="tests.test_research_quality_goal" name="test_cpw_synthesis_rejects_wrong_impedance" time="0.000" /><testcase classname="tests.test_research_quality_goal" name="test_resonator_checker_requires_all_six_physical_conditions" time="0.000" /><testcase classname="tests.test_research_quality_goal" name="test_rf_feature_validation_rejects_flat_and_passive_gain" time="0.000" /><testcase classname="tests.test_research_quality_goal" name="test_committee_has_five_agents_and_requires_literature" time="0.000" /><testcase classname="tests.test_research_quality_goal" name="test_prompt_workflow_writes_intent_before_gds_and_reviews_solver_failure" time="0.065" /><testcase classname="tests.test_review_committee" name="test_physics_fails_cpw_without_ground" time="0.000" /><testcase classname="tests.test_review_committee" name="test_physics_passes_cpw_with_ground" time="0.000" /><testcase classname="tests.test_review_committee" name="test_physics_uses_layout_summary_for_topology" time="0.000" /><testcase classname="tests.test_review_committee" name="test_physics_passes_jpa_with_detected_junction" time="0.000" /><testcase classname="tests.test_review_committee" name="test_physics_flags_unphysical_impedance" time="0.000" /><testcase classname="tests.test_review_committee" name="test_microwave_flags_passivity_violation_for_passive_device" time="0.000" /><testcase classname="tests.test_review_committee" name="test_microwave_allows_gain_for_active_jpa" time="0.000" /><testcase classname="tests.test_review_committee" name="test_fabrication_scores_drc_violations" time="0.000" /><testcase classname="tests.test_review_committee" name="test_measurement_flags_missing_pump_for_jpa" time="0.000" /><testcase classname="tests.test_review_committee" name="test_committee_min_score_blocks_on_any_error" time="0.000" /><testcase classname="tests.test_review_committee" name="test_committee_approves_clean_device" time="0.000" /><testcase classname="tests.test_review_committee" name="test_auto_repair_converges_and_terminates" time="0.000" /><testcase classname="tests.test_review_committee" name="test_auto_repair_stops_when_unfixable" time="0.000" /><testcase classname="tests.test_review_coverage" name="test_ideal_junction_golden_values" time="0.000" /><testcase classname="tests.test_review_coverage" name="test_sheet_kinetic_inductance_golden" time="0.000" /><testcase classname="tests.test_review_coverage" name="test_sheet_kinetic_inductance_rejects_bad_input" time="0.000" /><testcase classname="tests.test_review_coverage" name="test_pump_leakage_golden" time="0.000" /><testcase classname="tests.test_review_coverage" name="test_nonlinear_saturation_compresses_at_p1db" time="0.000" /><testcase classname="tests.test_review_coverage" name="test_gain_ripple_on_flat_band_is_zero" time="0.000" /><testcase classname="tests.test_review_coverage" name="test_write_simulation_plot_summary" time="0.010" /><testcase classname="tests.test_review_coverage" name="test_write_cad_artifacts" time="0.004" /><testcase classname="tests.test_signoff" name="test_fabrication_signoff_produces_full_artifact_set" time="0.011" /><testcase classname="tests.test_signoff" name="test_drc_is_real_micron_check" time="0.003" /><testcase classname="tests.test_signoff" name="test_lyp_is_valid_klayout_xml" time="0.011" /><testcase classname="tests.test_signoff" name="test_capacitance_hook_skips_without_backend_and_writes_deck" time="0.006" /><testcase classname="tests.test_signoff" name="test_sparameter_hook_only_executed_with_touchstone" time="0.001" /><testcase classname="tests.test_signoff" name="test_evidence_view_renders" time="0.061" /><testcase classname="tests.test_signoff_contract" name="test_source_llm_physical_value_must_fail" time="0.001" /><testcase classname="tests.test_signoff_contract" name="test_skipped_solver_cannot_pass_physics_signoff" time="0.001" /><testcase classname="tests.test_signoff_contract" name="test_missing_solver_output_file_cannot_be_called_executed" time="0.001" /><testcase classname="tests.test_signoff_contract" name="test_gds_with_no_sidecar_cannot_pass_extraction" time="0.001" /><testcase classname="tests.test_signoff_contract" name="test_benchmark_layout_and_panel_assets_are_separate" time="0.001" /><testcase classname="tests.test_signoff_contract" name="test_skill_install_paths_exist" time="0.000" /><testcase classname="tests.test_signoff_contract" name="test_workflow_console_commands_are_exposed" time="0.001" /><testcase classname="tests.test_smoke" name="test_manhattan_josephson_junction_writes_gds" time="0.002" /><testcase classname="tests.test_smoke" name="test_passive_pcells_expose_performance_parameters" time="0.019" /><testcase classname="tests.test_smoke" name="test_jj_ic_calibration_array_has_per_device_metadata" time="0.012" /><testcase classname="tests.test_smoke" name="test_lumped_element_jpa_seed_writes_gds" time="0.012" /><testcase classname="tests.test_smoke" name="test_paper_referenced_traveling_wave_pcells" time="0.043" /><testcase classname="tests.test_smoke" name="test_traveling_wave_paper_benchmark" time="0.239" /><testcase classname="tests.test_smoke" name="test_gaydamachenko_jtwpa_paper_benchmark" time="0.214" /><testcase classname="tests.test_smoke" name="test_mock_tool_chain_writes_sidecars" time="0.954" /><testcase classname="tests.test_smoke" name="test_external_simulator_fake_executables" time="1.071" /><testcase classname="tests.test_smoke" name="test_registry_planner_and_adapter_metadata" time="0.001" /><testcase classname="tests.test_smoke" name="test_research_integrations_and_handoff_artifacts" time="0.290" /><testcase classname="tests.test_smoke" name="test_optimized_design_workflow_and_live_ui" time="0.927" /><testcase classname="tests.test_smoke" name="test_parse_lyrdb_report" time="0.001" /><testcase classname="tests.test_smoke" name="test_mcp_stdio_protocol_lists_and_calls_tools" time="1.590" /><testcase classname="tests.test_smoke" name="test_ideal_josephson_simulation_units" time="0.000" /><testcase classname="tests.test_smoke" name="test_ideal_josephson_simulation_rejects_invalid_jc" time="0.000" /><testcase classname="tests.test_solver_adapters" name="test_solver_result_creation" time="0.000" /><testcase classname="tests.test_solver_adapters" name="test_solver_result_skipped" time="0.000" /><testcase classname="tests.test_solver_adapters" name="test_josephsoncircuits_adapter_availability" time="0.006" /><testcase classname="tests.test_solver_adapters" name="test_openems_adapter_availability" time="0.005" /><testcase classname="tests.test_solver_artifacts_required" name="test_validate_all_artifacts_fails_if_any_solver_missing" time="0.000" /><testcase classname="tests.test_solver_artifacts_required" name="test_validate_all_artifacts_passes_if_all_skipped" time="0.000" /><testcase classname="tests.test_solver_artifacts_required" name="test_validate_all_artifacts_fails_completely_empty_executed" time="0.000" /><testcase classname="tests.test_solver_artifacts_required" name="test_cpw_model_writes_valid_touchstone" time="0.001" /><testcase classname="tests.test_solver_artifacts_required" name="test_cpw_model_provenance_labels_analytical" time="0.000" /><testcase classname="tests.test_solver_artifacts_required" name="test_resistance_extractor_via_chain" time="0.001" /><testcase classname="tests.test_solver_artifacts_required" name="test_jj_array_characterization_no_julia" time="0.001" /><testcase classname="tests.test_solver_evidence" name="test_every_record_has_full_provenance" time="0.000" /><testcase classname="tests.test_solver_evidence" name="test_executed_without_output_file_is_downgraded" time="0.000" /><testcase classname="tests.test_solver_evidence" name="test_executed_with_real_output_file_stays_executed" time="0.001" /><testcase classname="tests.test_solver_evidence" name="test_invalid_status_rejected" time="0.000" /><testcase classname="tests.test_solver_evidence" name="test_bundle_lists_skipped_and_executed" time="0.000" /><testcase classname="tests.test_solver_evidence" name="test_quantum_efficiency_skipped_without_solver_value" time="0.000" /><testcase classname="tests.test_solver_evidence" name="test_quantum_efficiency_used_when_solver_provides_it" time="0.000" /><testcase classname="tests.test_solver_truthfulness" name="test_skipped_solver_not_passed" time="0.000" /><testcase classname="tests.test_solver_truthfulness" name="test_fake_gain_rejected" time="0.000" /><testcase classname="tests.test_solver_truthfulness" name="test_llm_source_rejected" time="0.000" /><testcase classname="tests.test_solver_truthfulness" name="test_flat_s11_suspicious" time="0.000" /><testcase classname="tests.test_sop_qa" name="test_validate_value_record_rejects_llm_source" time="0.000" /><testcase classname="tests.test_sop_qa" name="test_validate_value_record_rejects_ai_source" time="0.000" /><testcase classname="tests.test_sop_qa" name="test_validate_value_record_accepts_extracted_source" time="0.000" /><testcase classname="tests.test_sop_qa" name="test_local_pcell_fabrication_semantic_flag" time="0.001" /><testcase classname="tests.test_sop_qa" name="test_skipped_solver_does_not_count_as_evidence" time="0.001" /><testcase classname="tests.test_sop_qa" name="test_executed_without_output_file_is_blocked" time="0.001" /><testcase classname="tests.test_sop_qa" name="test_cpw_without_gsg_fails_microwave_review" time="0.000" /><testcase classname="tests.test_sop_qa" name="test_cpw_with_gsg_passes_microwave_review_ports" time="0.000" /><testcase classname="tests.test_sop_qa" name="test_jpa_without_jj_fails_physics_review" time="0.000" /><testcase classname="tests.test_sop_qa" name="test_jpa_with_jj_passes_physics_review_junction_check" time="0.000" /><testcase classname="tests.test_sop_qa" name="test_negative_jpa_gain_fails_literature_review" time="0.000" /><testcase classname="tests.test_sop_qa" name="test_review_committee_score_is_minimum" time="0.000" /><testcase classname="tests.test_sop_qa" name="test_single_error_blocks_committee_approval" time="0.000" /><testcase classname="tests.test_sop_qa" name="test_benchmark_layout_images_are_separate_names" time="0.000" /><testcase classname="tests.test_sop_qa" name="test_asset_naming_convention_no_overlap" time="0.001" /><testcase classname="tests.test_sop_qa" name="test_skill_directory_exists[jpa-design-simulation]" time="0.000" /><testcase classname="tests.test_sop_qa" name="test_skill_directory_exists[text-to-gds]" time="0.000" /><testcase classname="tests.test_sop_qa" name="test_skill_directory_exists[text-to-gds-simulation]" time="0.000" /><testcase classname="tests.test_sop_qa" name="test_skill_directory_exists[text-to-gds-circuit-design]" time="0.000" /><testcase classname="tests.test_sop_qa" name="test_skill_directory_exists[text-to-gds-layout-design]" time="0.000" /><testcase classname="tests.test_sop_qa" name="test_skill_directory_exists[text-to-gds-signoff]" time="0.000" /><testcase classname="tests.test_sop_qa" name="test_skill_directory_exists[text-to-gds-physics-signoff]" time="0.000" /><testcase classname="tests.test_sop_qa" name="test_skill_md_exists[jpa-design-simulation]" time="0.000" /><testcase classname="tests.test_sop_qa" name="test_skill_md_exists[text-to-gds]" time="0.000" /><testcase classname="tests.test_sop_qa" name="test_skill_md_exists[text-to-gds-simulation]" time="0.000" /><testcase classname="tests.test_sop_qa" name="test_skill_md_exists[text-to-gds-circuit-design]" time="0.000" /><testcase classname="tests.test_sop_qa" name="test_skill_md_exists[text-to-gds-layout-design]" time="0.000" /><testcase classname="tests.test_sop_qa" name="test_skill_md_exists[text-to-gds-signoff]" time="0.000" /><testcase classname="tests.test_sop_qa" name="test_skill_md_exists[text-to-gds-physics-signoff]" time="0.000" /><testcase classname="tests.test_sop_qa" name="test_skill_md_has_required_sections[jpa-design-simulation]" time="0.000" /><testcase classname="tests.test_sop_qa" name="test_skill_md_has_required_sections[text-to-gds]" time="0.000" /><testcase classname="tests.test_sop_qa" name="test_skill_md_has_required_sections[text-to-gds-simulation]" time="0.000" /><testcase classname="tests.test_sop_qa" name="test_skill_md_has_required_sections[text-to-gds-circuit-design]" time="0.000" /><testcase classname="tests.test_sop_qa" name="test_skill_md_has_required_sections[text-to-gds-layout-design]" time="0.000" /><testcase classname="tests.test_sop_qa" name="test_skill_md_has_required_sections[text-to-gds-signoff]" time="0.000" /><testcase classname="tests.test_sop_qa" name="test_skill_md_has_required_sections[text-to-gds-physics-signoff]" time="0.000" /><testcase classname="tests.test_sop_qa" name="test_check_external_tools_script_exists" time="0.000" /><testcase classname="tests.test_sop_qa" name="test_bootstrap_script_exists" time="0.000" /><testcase classname="tests.test_sop_qa" name="test_setup_script_exists" time="0.000" /><testcase classname="tests.test_sop_qa" name="test_zero_to_one_demos_exists" time="0.000" /><testcase classname="tests.test_sop_qa" name="test_generate_assets_script_exists" time="0.000" /><testcase classname="tests.test_sop_qa" name="test_physics_graph_schema_document_exists" time="0.000" /><testcase classname="tests.test_sop_qa" name="test_signoff_criteria_document_exists" time="0.000" /><testcase classname="tests.test_sop_qa" name="test_solver_evidence_contract_document_exists" time="0.000" /><testcase classname="tests.test_sop_qa" name="test_physics_signoff_claim_below_level_5_is_blocked" time="0.001" /><testcase classname="tests.test_sop_qa" name="test_measurement_calibrated_claim_below_level_6_is_blocked" time="0.000" /><testcase classname="tests.test_sop_qa" name="test_auto_repair_stops_at_max_iterations" time="0.000" /><testcase classname="tests.test_sop_qa" name="test_auto_repair_returns_schema_v1" time="0.000" /><testcase classname="tests.test_superconducting_eda_compiler" name="test_physics_graph_extracts_devices_and_jc_model" time="0.009" /><testcase classname="tests.test_superconducting_eda_compiler" name="test_automatic_mesh_writes_solver_inputs" time="0.005" /><testcase classname="tests.test_superconducting_eda_compiler" name="test_solver_contract_rejects_non_solver_and_accepts_real_files" time="0.001" /><testcase classname="tests.test_superconducting_eda_compiler" name="test_inverse_design_regenerates_gds_for_each_candidate" time="0.042" /><testcase classname="tests.test_superconducting_eda_compiler" name="test_measurement_comparison_outputs_process_correction" time="0.086" /><testcase classname="tests.test_superconducting_eda_compiler" name="test_aluminum_jj_pdk_loads" time="0.006" /><testcase classname="tests.test_superconducting_eda_compiler" name="test_final_axion_search_jpa_outputs_required_bundle" time="0.040" /><testcase classname="tests.test_superconductivity" name="test_sheet_kinetic_inductance_paths_agree_with_known_values" time="0.000" /><testcase classname="tests.test_superconductivity" name="test_current_crowding_profile_peaks_at_edges" time="0.000" /><testcase classname="tests.test_superconductivity" name="test_export_material_computes_total_lk_and_participation" time="0.000" /><testcase classname="tests.test_superconductivity" name="test_material_default_path_and_artifacts" time="0.082" /><testcase classname="tests.test_third_wave" name="test_third_wave_registry_covers_37_new_and_340_total_capabilities" time="0.000" /><testcase classname="tests.test_third_wave" name="test_differentiable_em_and_trainable_gds_pipeline" time="0.000" /><testcase classname="tests.test_third_wave" name="test_linear_adjoint_matches_analytic_gradient" time="0.000" /><testcase classname="tests.test_third_wave" name="test_fourier_neural_operator_and_equation_discovery" time="0.001" /><testcase classname="tests.test_third_wave" name="test_cryostat_twin_sem_understanding_and_alignment" time="0.002" /><testcase classname="tests.test_third_wave" name="test_claim_tapeout_and_reproduction_gates" time="0.000" /><testcase classname="tests.test_transmon_matches_literature" name="test_transmon_reports_golden_reference_metrics" time="0.003" /><testcase classname="tests.test_transmon_matches_literature" name="test_transmon_references_have_citations" time="0.000" /><testcase classname="tests.test_transmon_topology" name="test_transmon_extracts_exactly_one_squid" time="0.004" /><testcase classname="tests.test_transmon_topology" name="test_transmon_squid_bridges_two_distinct_islands" time="0.010" /><testcase classname="tests.test_transmon_topology" name="test_transmon_every_junction_bridges_two_islands" time="0.004" /><testcase classname="tests.test_transmon_topology" name="test_transmon_has_no_floating_metal" time="0.008" /><testcase classname="tests.test_transmon_topology" name="test_transmon_rejects_non_transmon_regime" time="0.000" /><testcase classname="tests.test_visual_credibility" name="test_undercut_layer_exists" time="0.000" /><testcase classname="tests.test_visual_credibility" name="test_klayout_renderer_produces_png" time="0.013" /><testcase classname="tests.test_visual_credibility" name="test_manhattan_jj_has_undercut_and_bridge" time="0.005" /><testcase classname="tests.test_visual_credibility" name="test_cpw_resonator_with_launcher_has_ground_and_launcher" time="0.009" /><testcase classname="tests.test_visual_credibility" name="test_extract_physical_parameters" time="0.004" /><testcase classname="tests.test_visual_credibility" name="test_jpa_target_gain_is_not_reported_as_performance" time="0.000" /><testcase classname="tests.test_visual_credibility" name="test_solver_disagreement_injection" time="0.000" /><testcase classname="tests.textlayout_suite.test_acceptance" name="test_readme_benchmark_links_exist" time="0.001" /><testcase classname="tests.textlayout_suite.test_acceptance" name="test_benchmark_provenance_matches_layout" time="0.001" /><testcase classname="tests.textlayout_suite.test_acceptance" name="test_5mhz_lc_physics" time="0.000" /><testcase classname="tests.textlayout_suite.test_acceptance" name="test_no_physics_verified_without_solver" time="0.001" /><testcase classname="tests.textlayout_suite.test_acceptance" name="test_no_fabrication_ready" time="0.000" /><testcase classname="tests.textlayout_suite.test_acceptance" name="test_idc_separates_geometry_from_physics" time="0.000" /><testcase classname="tests.textlayout_suite.test_acceptance" name="test_api_openapi_valid" time="0.055" /><testcase classname="tests.textlayout_suite.test_acceptance" name="test_plugin_manifest_points_to_reachable_schema" time="0.040" /><testcase classname="tests.textlayout_suite.test_acceptance" name="test_generate_produces_all_artifacts" time="0.058" /><testcase classname="tests.textlayout_suite.test_acceptance" name="test_failed_verification_blocks_export" time="0.036" /><testcase classname="tests.textlayout_suite.test_acceptance" name="test_5mhz_marked_infeasible" time="0.001" /><testcase classname="tests.textlayout_suite.test_acceptance" name="test_verification_separated_schema" time="0.000" /><testcase classname="tests.textlayout_suite.test_acceptance" name="test_readme_has_no_old_5mhz_values" time="0.001" /><testcase classname="tests.textlayout_suite.test_acceptance" name="test_health_returns_json" time="0.015" /><testcase classname="tests.textlayout_suite.test_acceptance_physics" name="test_5mhz_lc_is_infeasible_and_unfaked" time="0.000" /><testcase classname="tests.textlayout_suite.test_acceptance_physics" name="test_5mhz_lc_first_principles_numbers" time="0.000" /><testcase classname="tests.textlayout_suite.test_acceptance_physics" name="test_5mhz_lc_lists_alternatives" time="0.000" /><testcase classname="tests.textlayout_suite.test_acceptance_physics" name="test_6ghz_resonator_length_from_phase_velocity" time="0.022" /><testcase classname="tests.textlayout_suite.test_acceptance_physics" name="test_6ghz_resonator_geometry_passes_but_not_physics_verified" time="0.023" /><testcase classname="tests.textlayout_suite.test_acceptance_physics" name="test_idc_autosize_beats_fixed_22_pairs" time="0.058" /><testcase classname="tests.textlayout_suite.test_acceptance_physics" name="test_idc_autosize_is_analytical_not_em_verified" time="0.031" /><testcase classname="tests.textlayout_suite.test_acceptance_physics" name="test_physics_verified_implies_solver_executed" time="0.052" /><testcase classname="tests.textlayout_suite.test_acceptance_physics" name="test_no_acceptance_result_is_fabrication_ready" time="0.000" /><testcase classname="tests.textlayout_suite.test_acceptance_physics" name="test_evidence_ladder_extraction_requires_solver" time="0.000" /><testcase classname="tests.textlayout_suite.test_acceptance_physics" name="test_committed_acceptance_packets_match_evaluation" time="0.000"
[...]
ase classname="tests.textlayout_suite.test_showcase_examples" name="test_physics_verified_claims_are_solver_backed[02_cpw_50ohm]" time="0.000" /><testcase classname="tests.textlayout_suite.test_showcase_examples" name="test_physics_verified_claims_are_solver_backed[03_idc_cpw_test_structure]" time="0.000" /><testcase classname="tests.textlayout_suite.test_showcase_examples" name="test_physics_verified_claims_are_solver_backed[04_spiral_inductor_3nh]" time="0.000" /><testcase classname="tests.textlayout_suite.test_showcase_examples" name="test_physics_verified_claims_are_solver_backed[05_quarter_wave_resonator_6ghz]" time="0.000" /><testcase classname="tests.textlayout_suite.test_showcase_examples" name="test_physics_verified_claims_are_solver_backed[06_research_test_chip]" time="0.000" /><testcase classname="tests.textlayout_suite.test_showcase_examples" name="test_skipped_examples_carry_no_extracted_value[01_idc_0p6pf]" time="0.000" /><testcase classname="tests.textlayout_suite.test_showcase_examples" name="test_skipped_examples_carry_no_extracted_value[02_cpw_50ohm]" time="0.000" /><testcase classname="tests.textlayout_suite.test_showcase_examples" name="test_skipped_examples_carry_no_extracted_value[03_idc_cpw_test_structure]" time="0.000" /><testcase classname="tests.textlayout_suite.test_showcase_examples" name="test_skipped_examples_carry_no_extracted_value[04_spiral_inductor_3nh]" time="0.000" /><testcase classname="tests.textlayout_suite.test_showcase_examples" name="test_skipped_examples_carry_no_extracted_value[05_quarter_wave_resonator_6ghz]" time="0.000" /><testcase classname="tests.textlayout_suite.test_showcase_examples" name="test_skipped_examples_carry_no_extracted_value[06_research_test_chip]" time="0.000" /><testcase classname="tests.textlayout_suite.test_showcase_examples" name="test_fake_physics_verified_showcase_claim_fails_validation" time="0.525" /><testcase classname="tests.textlayout_suite.test_showcase_examples" name="test_test_chip_has_honest_subblock_simulation_map" time="0.000" /><testcase classname="tests.textlayout_suite.test_showcase_examples" name="test_spiral_optimizer_retains_candidates_and_selects_verified_geometry" time="0.000" /><testcase classname="tests.textlayout_suite.test_showcase_examples" name="test_idc_cpw_region_map_does_not_promote_whole_structure" time="0.000" /><testcase classname="tests.textlayout_suite.test_showcase_examples" name="test_root_readme_showcase_rows_link_to_committed_folders" time="0.000" /><testcase classname="tests.textlayout_suite.test_showcase_examples.TestResonatorRunIsHonestlyInvalid" name="test_touchstone_is_all_non_finite" time="0.000" /><testcase classname="tests.textlayout_suite.test_showcase_examples.TestResonatorRunIsHonestlyInvalid" name="test_parser_refuses_to_extract_from_it" time="0.001" /><testcase classname="tests.textlayout_suite.test_showcase_examples.TestResonatorRunIsHonestlyInvalid" name="test_artifact_claims_simulation_invalid_and_extracts_nothing" time="0.000" /><testcase classname="tests.textlayout_suite.test_showcase_examples.TestResonatorRunIsHonestlyInvalid" name="test_artifact_never_reports_the_sweep_edge_as_a_resonance" time="0.000" /><testcase classname="tests.textlayout_suite.test_showcase_examples.TestResonatorRunIsHonestlyInvalid" name="test_solver_execution_is_still_reported_truthfully" time="0.000" /><testcase classname="tests.textlayout_suite.test_simulation_postprocess" name="test_parse_waveform_table_csv_and_whitespace" time="0.002" /><testcase classname="tests.textlayout_suite.test_simulation_postprocess" name="test_synthetic_lc_resonance_extraction" time="0.003" /><testcase classname="tests.textlayout_suite.test_simulation_postprocess" name="test_tone_amplitude_reads_exact_bin_amplitude" time="0.002" /><testcase classname="tests.textlayout_suite.test_simulation_postprocess" name="test_synthetic_fft_gain_extraction_with_idler_and_discard" time="0.005" /><testcase classname="tests.textlayout_suite.test_simulation_postprocess" name="test_gain_extraction_refuses_empty_tones" time="0.000" /><testcase classname="tests.textlayout_suite.test_simulator_bootstrap" name="test_checker_honest_when_nothing_is_installed" time="0.001" /><testcase classname="tests.textlayout_suite.test_simulator_bootstrap" name="test_non_strict_checker_exits_zero_without_simulators" time="0.001" /><testcase classname="tests.textlayout_suite.test_simulator_bootstrap" name="test_strict_checker_exits_nonzero_when_josim_missing" time="0.001" /><testcase classname="tests.textlayout_suite.test_simulator_bootstrap" name="test_josim_env_var_override" time="0.001" /><testcase classname="tests.textlayout_suite.test_simulator_bootstrap" name="test_josim_tools_dir_detection" time="0.001" /><testcase classname="tests.textlayout_suite.test_simulator_bootstrap" name="test_josim_path_detection" time="0.001" /><testcase classname="tests.textlayout_suite.test_simulator_bootstrap" name="test_runtime_josim_adapter_matches_checker_priority" time="0.002" /><testcase classname="tests.textlayout_suite.test_simulator_bootstrap" name="test_bootstrap_does_not_block_on_missing_optional_simulators" time="0.002" /><testcase classname="tests.textlayout_suite.test_simulator_bootstrap" name="test_install_josim_detect_only_never_installs" time="0.001" /><testcase classname="tests.textlayout_suite.test_simulator_bootstrap" name="test_install_josim_adopts_existing_unpacked_release" time="0.002" /><testcase classname="tests.textlayout_suite.test_simulator_bootstrap" name="test_makefile_has_simulator_targets" time="0.000" /><testcase classname="tests.textlayout_suite.test_simulator_bootstrap" name="test_docker_and_devcontainer_exist_and_are_wired" time="0.000" /><testcase classname="tests.textlayout_suite.test_simulator_bootstrap" name="test_readme_documents_setup_flow" time="0.000" /><testcase classname="tests.textlayout_suite.test_simulator_bootstrap" name="test_tools_dir_is_gitignored" time="0.000" /><testcase classname="tests.textlayout_suite.test_simulator_bootstrap" name="test_fastercap_local_cmake_patch_is_idempotent" time="0.000" /><testcase classname="tests.textlayout_suite.test_simulator_bootstrap" name="test_fastercap_wsl_build_ignores_object_files" time="0.002" /><testcase classname="tests.textlayout_suite.test_simulator_bootstrap" name="test_fastercap_failed_build_is_not_marked_ready" time="0.001" /><testcase classname="tests.textlayout_suite.test_simulator_bootstrap" name="test_fastercap_successful_mocked_build_is_recorded_ready" time="0.001" /><testcase classname="tests.textlayout_suite.test_simulator_bootstrap" name="test_fastercap_existing_verified_wsl_binary_is_recorded_ready" time="0.001" /><testcase classname="tests.textlayout_suite.test_simulator_bootstrap" name="test_checker_marks_verified_wsl_fastercap_ready_on_windows" time="0.001" /><testcase classname="tests.textlayout_suite.test_solver_execution" name="test_registered_solver_adapters_share_four_method_shape[IDC]" time="0.000" /><testcase classname="tests.textlayout_suite.test_solver_execution" name="test_registered_solver_adapters_share_four_method_shape[CPW]" time="0.000" /><testcase classname="tests.textlayout_suite.test_solver_execution" name="test_registered_solver_adapters_share_four_method_shape[SpiralInductor]" time="0.000" /><testcase classname="tests.textlayout_suite.test_solver_execution" name="test_registered_solver_adapters_share_four_method_shape[QuarterWaveResonator]" time="0.000" /><testcase classname="tests.textlayout_suite.test_solver_execution" name="test_registered_solver_adapters_share_four_method_shape[SQUID]" time="0.000" /><testcase classname="tests.textlayout_suite.test_solver_execution" name="test_wsl_discovery_survives_a_broken_process_environment" time="0.000" /><testcase classname="tests.textlayout_suite.test_solver_execution" name="test_fasthenry_missing_is_graceful" time="0.010" /><testcase classname="tests.textlayout_suite.test_solver_execution" name="test_openems_missing_touchstone_is_graceful" time="0.014" /><testcase classname="tests.textlayout_suite.test_solver_execution" name="test_cpw_openems_driver_uses_native_cpw_ports" time="0.015" /><testcase classname="tests.textlayout_suite.test_solver_execution" name="test_parse_fasthenry_inductance_from_synthetic_zc_mat" time="0.000" /><testcase classname="tests.textlayout_suite.test_solver_execution" name="test_fasthenry_present_uses_real_subprocess_and_parser" time="0.324" /><testcase classname="tests.textlayout_suite.test_solver_execution" name="test_extract_resonance_from_touchstone_notch" time="0.003" /><testcase classname="tests.textlayout_suite.test_solver_execution" name="test_openems_post_processing_sets_physics_verified" time="0.003" /><testcase classname="tests.textlayout_suite.test_solver_execution" name="test_openems_present_uses_real_subprocess_and_touchstone_parser" time="0.334" /><testcase classname="tests.textlayout_suite.test_solver_execution" name="test_cpw_openems_present_subprocess_extracts_impedance" time="0.346" /><testcase classname="tests.textlayout_suite.test_solver_execution" name="test_josim_csv_parser_and_present_subprocess" time="0.367" /><testcase classname="tests.textlayout_suite.test_solver_execution" name="test_openems_off_target_is_not_physics_verified" time="0.002" /><testcase classname="tests.textlayout_suite.test_solver_execution" name="test_physics_verified_requires_execution_and_comparison" time="0.000" /><testcase classname="tests.textlayout_suite.test_solver_path_resolution" name="test_explicit_relative_path_is_resolved" time="0.001" /><testcase classname="tests.textlayout_suite.test_solver_path_resolution" name="test_native_elf_is_not_sent_to_wsl" time="0.001" /><testcase classname="tests.textlayout_suite.test_sparameters" name="test_s1p_and_return_loss" time="0.001" /><testcase classname="tests.textlayout_suite.test_sparameters" name="test_s2p_extracts_transmission_and_symmetric_z0" time="0.001" /><testcase classname="tests.textlayout_suite.test_sparameters" name="test_csv_fallback_and_resonance_dip" time="0.001" /><testcase classname="tests.textlayout_suite.test_synthesis_constraints" name="test_path_is_invariant_under_reversal[end0]" time="0.000" /><testcase classname="tests.textlayout_suite.test_synthesis_constraints" name="test_path_is_invariant_under_reversal[end1]" time="0.000" /><testcase classname="tests.textlayout_suite.test_synthesis_constraints" name="test_path_is_invariant_under_reversal[end2]" time="0.000" /><testcase classname="tests.textlayout_suite.test_synthesis_constraints" name="test_path_is_invariant_under_reversal[end3]" time="0.000" /><testcase classname="tests.textlayout_suite.test_synthesis_constraints" name="test_cpw_preserves_impedance_and_constraints[2-30]" time="0.000" /><testcase classname="tests.textlayout_suite.test_synthesis_constraints" name="test_cpw_preserves_impedance_and_constraints[2-40]" time="0.000" /><testcase classname="tests.textlayout_suite.test_synthesis_constraints" name="test_cpw_preserves_impedance_and_constraints[2-50]" time="0.000" /><testcase classname="tests.textlayout_suite.test_synthesis_constraints" name="test_cpw_preserves_impedance_and_constraints[2-60]" time="0.000" /><testcase classname="tests.textlayout_suite.test_synthesis_constraints" name="test_cpw_preserves_impedance_and_constraints[4-30]" time="0.000" /><testcase classname="tests.textlayout_suite.test_synthesis_constraints" name="test_cpw_preserves_impedance_and_constraints[4-40]" time="0.000" /><testcase classname="tests.textlayout_suite.test_synthesis_constraints" name="test_cpw_preserves_impedance_and_constraints[4-50]" time="0.000" /><testcase classname="tests.textlayout_suite.test_synthesis_constraints" name="test_cpw_preserves_impedance_and_constraints[4-60]" time="0.000" /><testcase classname="tests.textlayout_suite.test_synthesis_constraints" name="test_cpw_preserves_impedance_and_constraints[6-30]" time="0.000" /><testcase classname="tests.textlayout_suite.test_synthesis_constraints" name="test_cpw_preserves_impedance_and_constraints[6-40]" time="0.000" /><testcase classname="tests.textlayout_suite.test_synthesis_constraints" name="test_cpw_preserves_impedance_and_constraints[6-50]" time="0.000" /><testcase classname="tests.textlayout_suite.test_synthesis_constraints" name="test_cpw_preserves_impedance_and_constraints[6-60]" time="0.000" /><testcase classname="tests.textlayout_suite.test_synthesis_constraints" name="test_cpw_preserves_impedance_and_constraints[8-30]" time="0.000" /><testcase classname="tests.textlayout_suite.test_synthesis_constraints" name="test_cpw_preserves_impedance_and_constraints[8-40]" time="0.000" /><testcase classname="tests.textlayout_suite.test_synthesis_constraints" name="test_cpw_preserves_impedance_and_constraints[8-50]" time="0.000" /><testcase classname="tests.textlayout_suite.test_synthesis_constraints" name="test_cpw_preserves_impedance_and_constraints[8-60]" time="0.000" /><testcase classname="tests.textlayout_suite.test_synthesis_constraints" name="test_spiral_exports_one_connected_full_width_conductor" time="0.063" /><testcase classname="tests.textlayout_suite.test_synthesis_constraints" name="test_independent_readback_failure_reaches_final_verdict" time="0.073" /><testcase classname="tests.textlayout_suite.test_touchstone_honesty.TestNanRejection" name="test_read_sparameters_rejects_nan" time="0.002" /><testcase classname="tests.textlayout_suite.test_touchstone_honesty.TestNanRejection" name="test_run_openems_reports_failed_not_executed" time="0.003" /><testcase classname="tests.textlayout_suite.test_touchstone_honesty.TestNanRejection" name="test_partial_nan_is_also_rejected" time="0.001" /><testcase classname="tests.textlayout_suite.test_touchstone_honesty.TestSweepEdgeRejection" name="test_monotonic_data_has_no_resonance" time="0.001" /><testcase classname="tests.textlayout_suite.test_touchstone_honesty.TestSweepEdgeRejection" name="test_interior_notch_beats_edge_peak" time="0.001" /><testcase classname="tests.textlayout_suite.test_touchstone_honesty.TestSweepEdgeRejection" name="test_run_openems_edge_artifact_is_failed" time="0.004" /><testcase classname="tests.textlayout_suite.test_verification" name="test_clean_idc_passes_all_checks" time="0.028" /><testcase classname="tests.textlayout_suite.test_verification" name="test_gap_below_min_fails" time="0.031" /><testcase classname="tests.textlayout_suite.test_verification" name="test_unknown_layer_fails" time="0.025" /><testcase classname="tests.textlayout_suite.test_verification" name="test_report_dict_shape_matches_contract" time="0.027" /><testcase classname="tests.textlayout_suite.test_verification" name="test_rules_override_min_gap" time="0.022" /><testcase classname="tests.textlayout_suite.test_verification" name="test_rules_override_min_width" time="0.023" /><testcase classname="tests.textlayout_suite.test_workflow_graph" name="test_workflow_trace_records_every_node" time="0.071" /><testcase classname="tests.textlayout_suite.test_workflow_graph" name="test_workflow_writes_klayout_readback" time="0.075" /><testcase classname="tests.textlayout_suite.test_workflow_graph" name="test_trace_records_error_node_for_bad_prompt" time="0.025" /><testcase classname="tests.textlayout_suite.test_workflow_graph" name="test_solver_loop_is_bounded_and_recorded" time="0.659" /><testcase classname="tests.textlayout_suite.test_workflow_graph" name="test_converging_fake_solver_reaches_physics_verified" time="0.140" /><testcase classname="tests.textlayout_suite.test_wrspice_adapter" name="test_wrspice_deck_generation_and_jj_syntax" time="0.002" /><testcase classname="tests.textlayout_suite.test_wrspice_adapter" name="test_missing_wrspice_reports_absent_and_keeps_deck" time="0.001" /><testcase classname="tests.textlayout_suite.test_wrspice_adapter" name="test_wrspice_ascii_rawfile_parser" time="0.002" /><testcase classname="tests.textlayout_suite.test_wrspice_adapter" name="test_mocked_wrspice_execution_checks_resonance" time="0.459" /><testcase classname="tests.textlayout_suite.test_wrspice_adapter" name="test_wrspice_adapter_env_var_detection" time="0.001" /><testcase classname="tests.textlayout_suite.test_wsl_bootstrap" name="test_wsl_bootstrap_is_non_destructive_and_runs_the_supported_core_flow" time="0.000" /><testcase classname="tests.textlayout_suite.test_wsl_bootstrap" name="test_wsl_bootstrap_dry_run_is_repeatable_and_has_no_side_effects" time="0.023" /><testcase classname="tests.textlayout_suite.test_yield_model.TestExactPhysics" name="test_ic_equals_jc_times_area" time="0.000" /><testcase classname="tests.textlayout_suite.test_yield_model.TestExactPhysics" name="test_ic_rejects_nonpositive_inputs" time="0.000" /><testcase classname="tests.textlayout_suite.test_yield_model.TestExactPhysics" name="test_lj_matches_phi0_over_2pi_ic" time="0.000" /><testcase classname="tests.textlayout_suite.test_yield_model.TestExactPhysics" name="test_lc_resonance_matches_standard_formula" time="0.000" /><testcase classname="tests.textlayout_suite.test_yield_model.TestExactPhysics" name="test_realistic_transmon_frequency_is_gigahertz_scale" time="0.000" /><testcase classname="tests.textlayout_suite.test_yield_model.TestExactPhysics" name="test_ej_ec_and_f01_are_internally_consistent" time="0.000" /><testcase classname="tests.textlayout_suite.test_yield_model.TestSquidPhysics" name="test_symmetric_squid_is_cosine" time="0.000" /><testcase classname="tests.textlayout_suite.test_yield_model.TestSquidPhysics" name="test_asymmetric_squid_is_finite_at_half_flux" time="0.000" /><testcase classname="tests.textlayout_suite.test_yield_model.TestSquidPhysics" name="test_symmetric_squid_at_half_flux_diverges" time="0.000" /><testcase classname="tests.textlayout_suite.test_yield_model.TestSquidPhysics" name="test_squid_geometry_schema_rejects_symmetric_half_flux" time="0.000" /><testcase classname="tests.textlayout_suite.test_yield_model.TestSquidPhysics" name="test_squid_geometry_schema_accepts_asymmetric_half_flux" time="0.000" /><testcase classname="tests.textlayout_suite.test_yield_model.TestJJYieldMonteCarlo" name="test_seeded_run_is_bit_for_bit_deterministic" time="0.005" /><testcase classname="tests.textlayout_suite.test_yield_model.TestJJYieldMonteCarlo" name="test_different_seeds_give_different_samples" time="0.005" /><testcase classname="tests.textlayout_suite.test_yield_model.TestJJYieldMonteCarlo" name="test_wider_jc_spread_widens_frequency_distribution" time="0.013" /><testcase classname="tests.textlayout_suite.test_yield_model.TestJJYieldMonteCarlo" name="test_yield_and_confidence_interval_are_valid_percentages" time="0.004" /><testcase classname="tests.textlayout_suite.test_yield_model.TestJJYieldMonteCarlo" name="test_worst_corners_bound_the_distribution" time="0.003" /><testcase classname="tests.textlayout_suite.test_yield_model.TestJJYieldMonteCarlo" name="test_synthetic_flag_reflects_calibration" time="0.001" /><testcase classname="tests.textlayout_suite.test_yield_model.TestJJYieldMonteCarlo" name="test_rejects_too_few_samples" time="0.000" /><testcase classname="tests.textlayout_suite.test_yield_model.TestQubitArrayYield" name="test_deterministic_under_seed" time="0.009" /><testcase classname="tests.textlayout_suite.test_yield_model.TestQubitArrayYield" name="test_chip_yield_at_most_per_qubit_hit_rate" time="0.007" /><testcase classname="tests.textlayout_suite.test_yield_model.TestQubitArrayYield" name="test_forty_qubit_lattice_runs_and_reports_low_yield" time="0.021" /><testcase classname="tests.textlayout_suite.test_yield_model.TestQubitArrayYield" name="test_rejects_too_few_chips" time="0.000" /><testcase classname="tests.textlayout_suite.test_yield_model.TestYieldCLI" name="test_cli_yield_jj" time="0.004" /><testcase classname="tests.textlayout_suite.test_yield_model.TestYieldCLI" name="test_cli_yield_qubit_array" time="0.023" /><testcase classname="tests.textlayout_suite.test_yield_model.TestYieldCLI" name="test_cli_yield_jj_writes_evidence" time="0.008" /></testsuite></testsuites>